<?xml version="1.0" encoding="UTF-8"?>
<!-- Generated by org.testng.reporters.JUnitXMLReporter -->
<testsuite ignored="0" hostname="Sneha-jijin" failures="0" tests="4" name="RegistrationTest" time="249.12" errors="0" timestamp="2024-10-10T12:55:16 IST">
  <testcase classname="com.demowebshop.tests.RegistrationDP2" name="verifyUserAbleToMultipleRegisterWithValidCredn" time="172.283"/>
  <testcase classname="com.demowebshop.tests.RegistartionDP" name="verifyUserIsAbleToMultipleRegisterUsingCorrectCreds" time="4.052"/>
  <testcase classname="com.demowebshop.tests.registrationTest" name="verifyUserAbleToRegisterWithValidCredn" time="4.089"/>
  <testcase classname="com.demowebshop.tests.ExcelReadRegistrationTest" name="verifyUserAbleToRegisterWithValidCredn" time="8.041"/>
</testsuite> <!-- RegistrationTest -->
