<?xml version="1.0" encoding="UTF-8"?>
<!-- Generated by org.testng.reporters.JUnitXMLReporter -->
<testsuite ignored="0" hostname="Sneha-jijin" failures="0" tests="4" name="RegistrationTest" time="41.031" errors="0" timestamp="2024-10-09T10:51:33 IST">
  <testcase classname="com.demowebshop.tests.RegistrationDP2" name="verifyUserAbleToMultipleRegisterWithValidCredn" time="9.793"/>
  <testcase classname="com.demowebshop.tests.RegistartionDP" name="verifyUserIsAbleToMultipleRegisterUsingCorrectCreds" time="3.52"/>
  <testcase classname="com.demowebshop.tests.registrationTest" name="verifyUserAbleToRegisterWithValidCredn" time="3.965"/>
  <testcase classname="com.demowebshop.tests.ExcelReadRegistrationTest" name="verifyUserAbleToRegisterWithValidCredn" time="3.55"/>
</testsuite> <!-- RegistrationTest -->
