<?xml version="1.0" encoding="UTF-8"?>
<!-- Generated by org.testng.reporters.JUnitXMLReporter -->
<testsuite ignored="0" hostname="Sneha-jijin" failures="1" tests="1" name="LoginTest" time="35.968" errors="0" timestamp="2024-10-12T15:07:43 IST">
  <testcase classname="com.demowebshop.tests.loginTest" name="verifyUserAbleToLoginwithValidCredn" time="5.933">
    <failure type="java.lang.AssertionError" message="Logged Mail is not matching expected [SnehaBEnoy@mail.com] but found [obsqura24@gmail.com]">
      <![CDATA[java.lang.AssertionError: Logged Mail is not matching expected [SnehaBEnoy@mail.com] but found [obsqura24@gmail.com]
at com.demowebshop.tests.loginTest.verifyUserAbleToLoginwithValidCredn(loginTest.java:21)
at java.base/java.util.ArrayList.forEach(ArrayList.java:1511)
at java.base/java.util.concurrent.FutureTask.run(FutureTask.java:264)
at java.base/java.util.concurrent.ThreadPoolExecutor.runWorker(ThreadPoolExecutor.java:1136)
at java.base/java.util.concurrent.ThreadPoolExecutor$Worker.run(ThreadPoolExecutor.java:635)
at java.base/java.lang.Thread.run(Thread.java:842)
... Removed 22 stack frames]]>
    </failure>
  </testcase> <!-- verifyUserAbleToLoginwithValidCredn -->
</testsuite> <!-- LoginTest -->
