<?xml version="1.0" encoding="UTF-8"?>
<testng-results ignored="0" total="10" passed="10" failed="0" skipped="0">
  <reporter-output>
  </reporter-output>
  <suite started-at="2024-10-12T15:04:25 IST" name="Suite" finished-at="2024-10-12T15:05:40 IST" duration-ms="74630">
    <groups>
      <group name="Smoke">
        <method signature="ApparelAndShoesProductTest.verifyApparelAndShoesDisplayItems()[pri:0, instance:com.demowebshop.tests.ApparelAndShoesProductTest@5745ca0e]" name="verifyApparelAndShoesDisplayItems" class="com.demowebshop.tests.ApparelAndShoesProductTest"/>
        <method signature="SubScriptionTest.userAbleToSubscribeWithValidMail()[pri:0, instance:com.demowebshop.tests.SubScriptionTest@14fc5f04]" name="userAbleToSubscribeWithValidMail" class="com.demowebshop.tests.SubScriptionTest"/>
        <method signature="E2EChekoutTest.verifyNewUserRegisterAndCheckoutProduct()[pri:0, instance:com.demowebshop.tests.E2EChekoutTest@333d4a8c]" name="verifyNewUserRegisterAndCheckoutProduct" class="com.demowebshop.tests.E2EChekoutTest"/>
      </group> <!-- Smoke -->
    </groups>
    <test started-at="2024-10-12T15:04:25 IST" name="SearchTest" finished-at="2024-10-12T15:05:02 IST" duration-ms="36792">
      <class name="com.demowebshop.tests.DiamondSearchTest">
        <test-method is-config="true" signature="initDriver(java.lang.String)[pri:0, instance:com.demowebshop.tests.DiamondSearchTest@3ba987b8]" started-at="2024-10-12T15:04:25 IST" name="initDriver" finished-at="2024-10-12T15:04:45 IST" duration-ms="19798" status="PASS">
          <params>
            <param index="0">
              <value is-null="true"/>
            </param>
          </params>
          <reporter-output>
          </reporter-output>
        </test-method> <!-- initDriver -->
        <test-method signature="verifyDiamondTextInSearchResult()[pri:0, instance:com.demowebshop.tests.DiamondSearchTest@3ba987b8]" started-at="2024-10-12T15:04:45 IST" name="verifyDiamondTextInSearchResult" finished-at="2024-10-12T15:04:58 IST" duration-ms="13334" status="PASS">
          <reporter-output>
          </reporter-output>
        </test-method> <!-- verifyDiamondTextInSearchResult -->
        <test-method is-config="true" signature="tearDown()[pri:0, instance:com.demowebshop.tests.DiamondSearchTest@3ba987b8]" started-at="2024-10-12T15:04:58 IST" name="tearDown" finished-at="2024-10-12T15:05:02 IST" duration-ms="3591" status="PASS">
          <reporter-output>
          </reporter-output>
        </test-method> <!-- tearDown -->
      </class> <!-- com.demowebshop.tests.DiamondSearchTest -->
    </test> <!-- SearchTest -->
    <test started-at="2024-10-12T15:04:25 IST" name="ProductListTest" finished-at="2024-10-12T15:05:02 IST" duration-ms="36793">
      <class name="com.demowebshop.tests.ApparelAndShoesProductTest">
        <test-method is-config="true" signature="initDriver(java.lang.String)[pri:0, instance:com.demowebshop.tests.ApparelAndShoesProductTest@5745ca0e]" started-at="2024-10-12T15:04:25 IST" name="initDriver" finished-at="2024-10-12T15:04:36 IST" duration-ms="11072" status="PASS">
          <params>
            <param index="0">
              <value is-null="true"/>
            </param>
          </params>
          <reporter-output>
          </reporter-output>
        </test-method> <!-- initDriver -->
        <test-method signature="verifyApparelAndShoesDisplayItems()[pri:0, instance:com.demowebshop.tests.ApparelAndShoesProductTest@5745ca0e]" started-at="2024-10-12T15:04:36 IST" name="verifyApparelAndShoesDisplayItems" finished-at="2024-10-12T15:05:00 IST" duration-ms="23310" status="PASS">
          <reporter-output>
          </reporter-output>
        </test-method> <!-- verifyApparelAndShoesDisplayItems -->
        <test-method is-config="true" signature="tearDown()[pri:0, instance:com.demowebshop.tests.ApparelAndShoesProductTest@5745ca0e]" started-at="2024-10-12T15:05:00 IST" name="tearDown" finished-at="2024-10-12T15:05:02 IST" duration-ms="2346" status="PASS">
          <reporter-output>
          </reporter-output>
        </test-method> <!-- tearDown -->
      </class> <!-- com.demowebshop.tests.ApparelAndShoesProductTest -->
    </test> <!-- ProductListTest -->
    <test started-at="2024-10-12T15:04:25 IST" name="LoginTest" finished-at="2024-10-12T15:05:02 IST" duration-ms="36676">
      <class name="com.demowebshop.tests.loginTest">
        <test-method is-config="true" signature="initDriver(java.lang.String)[pri:0, instance:com.demowebshop.tests.loginTest@15a34df2]" started-at="2024-10-12T15:04:25 IST" name="initDriver" finished-at="2024-10-12T15:04:39 IST" duration-ms="14143" status="PASS">
          <params>
            <param index="0">
              <value is-null="true"/>
            </param>
          </params>
          <reporter-output>
          </reporter-output>
        </test-method> <!-- initDriver -->
        <test-method signature="verifyUserAbleToLoginwithValidCredn()[pri:0, instance:com.demowebshop.tests.loginTest@15a34df2]" started-at="2024-10-12T15:04:39 IST" name="verifyUserAbleToLoginwithValidCredn" finished-at="2024-10-12T15:04:50 IST" duration-ms="11080" status="PASS">
          <reporter-output>
          </reporter-output>
        </test-method> <!-- verifyUserAbleToLoginwithValidCredn -->
        <test-method is-config="true" signature="tearDown()[pri:0, instance:com.demowebshop.tests.loginTest@15a34df2]" started-at="2024-10-12T15:04:50 IST" name="tearDown" finished-at="2024-10-12T15:05:02 IST" duration-ms="11426" status="PASS">
          <reporter-output>
          </reporter-output>
        </test-method> <!-- tearDown -->
      </class> <!-- com.demowebshop.tests.loginTest -->
    </test> <!-- LoginTest -->
    <test started-at="2024-10-12T15:04:25 IST" name="SearchBoxTest" finished-at="2024-10-12T15:05:07 IST" duration-ms="42261">
      <class name="com.demowebshop.tests.EmptySearchCaseTest">
        <test-method is-config="true" signature="initDriver(java.lang.String)[pri:0, instance:com.demowebshop.tests.EmptySearchCaseTest@68c9d179]" started-at="2024-10-12T15:04:25 IST" name="initDriver" finished-at="2024-10-12T15:04:41 IST" duration-ms="15587" status="PASS">
          <params>
            <param index="0">
              <value is-null="true"/>
            </param>
          </params>
          <reporter-output>
          </reporter-output>
        </test-method> <!-- initDriver -->
        <test-method signature="verifySearchWithEmptyKeyword()[pri:0, instance:com.demowebshop.tests.EmptySearchCaseTest@68c9d179]" started-at="2024-10-12T15:04:41 IST" name="verifySearchWithEmptyKeyword" finished-at="2024-10-12T15:04:43 IST" duration-ms="2119" status="PASS">
          <reporter-output>
          </reporter-output>
        </test-method> <!-- verifySearchWithEmptyKeyword -->
        <test-method is-config="true" signature="tearDown()[pri:0, instance:com.demowebshop.tests.EmptySearchCaseTest@68c9d179]" started-at="2024-10-12T15:04:43 IST" name="tearDown" finished-at="2024-10-12T15:05:07 IST" duration-ms="24510" status="PASS">
          <reporter-output>
          </reporter-output>
        </test-method> <!-- tearDown -->
      </class> <!-- com.demowebshop.tests.EmptySearchCaseTest -->
    </test> <!-- SearchBoxTest -->
    <test started-at="2024-10-12T15:05:03 IST" name="SubscriptionTest" finished-at="2024-10-12T15:05:18 IST" duration-ms="14827">
      <class name="com.demowebshop.tests.SubScriptionTest">
        <test-method is-config="true" signature="initDriver(java.lang.String)[pri:0, instance:com.demowebshop.tests.SubScriptionTest@14fc5f04]" started-at="2024-10-12T15:05:03 IST" name="initDriver" finished-at="2024-10-12T15:05:15 IST" duration-ms="11249" status="PASS">
          <params>
            <param index="0">
              <value is-null="true"/>
            </param>
          </params>
          <reporter-output>
          </reporter-output>
        </test-method> <!-- initDriver -->
        <test-method signature="userAbleToSubscribeWithValidMail()[pri:0, instance:com.demowebshop.tests.SubScriptionTest@14fc5f04]" started-at="2024-10-12T15:05:15 IST" name="userAbleToSubscribeWithValidMail" finished-at="2024-10-12T15:05:16 IST" duration-ms="1855" status="PASS">
          <reporter-output>
          </reporter-output>
        </test-method> <!-- userAbleToSubscribeWithValidMail -->
        <test-method is-config="true" signature="tearDown()[pri:0, instance:com.demowebshop.tests.SubScriptionTest@14fc5f04]" started-at="2024-10-12T15:05:16 IST" name="tearDown" finished-at="2024-10-12T15:05:18 IST" duration-ms="1720" status="PASS">
          <reporter-output>
          </reporter-output>
        </test-method> <!-- tearDown -->
      </class> <!-- com.demowebshop.tests.SubScriptionTest -->
    </test> <!-- SubscriptionTest -->
    <test started-at="2024-10-12T15:05:03 IST" name="E2E" finished-at="2024-10-12T15:05:36 IST" duration-ms="32364">
      <class name="com.demowebshop.tests.E2EChekoutTest">
        <test-method is-config="true" signature="initDriver(java.lang.String)[pri:0, instance:com.demowebshop.tests.E2EChekoutTest@333d4a8c]" started-at="2024-10-12T15:05:03 IST" name="initDriver" finished-at="2024-10-12T15:05:08 IST" duration-ms="4348" status="PASS">
          <params>
            <param index="0">
              <value is-null="true"/>
            </param>
          </params>
          <reporter-output>
          </reporter-output>
        </test-method> <!-- initDriver -->
        <test-method signature="verifyNewUserRegisterAndCheckoutProduct()[pri:0, instance:com.demowebshop.tests.E2EChekoutTest@333d4a8c]" started-at="2024-10-12T15:05:08 IST" name="verifyNewUserRegisterAndCheckoutProduct" finished-at="2024-10-12T15:05:35 IST" duration-ms="27765" status="PASS">
          <reporter-output>
          </reporter-output>
        </test-method> <!-- verifyNewUserRegisterAndCheckoutProduct -->
        <test-method is-config="true" signature="tearDown()[pri:0, instance:com.demowebshop.tests.E2EChekoutTest@333d4a8c]" started-at="2024-10-12T15:05:35 IST" name="tearDown" finished-at="2024-10-12T15:05:36 IST" duration-ms="245" status="PASS">
          <reporter-output>
          </reporter-output>
        </test-method> <!-- tearDown -->
      </class> <!-- com.demowebshop.tests.E2EChekoutTest -->
    </test> <!-- E2E -->
    <test started-at="2024-10-12T15:04:25 IST" name="RegistrationTest" finished-at="2024-10-12T15:05:40 IST" duration-ms="74621">
      <class name="com.demowebshop.tests.RegistartionDP">
        <test-method is-config="true" signature="initDriver(java.lang.String)[pri:0, instance:com.demowebshop.tests.RegistartionDP@3de8f619]" started-at="2024-10-12T15:05:11 IST" name="initDriver" finished-at="2024-10-12T15:05:14 IST" duration-ms="2874" status="PASS">
          <params>
            <param index="0">
              <value is-null="true"/>
            </param>
          </params>
          <reporter-output>
          </reporter-output>
        </test-method> <!-- initDriver -->
        <test-method signature="verifyUserIsAbleToMultipleRegisterUsingCorrectCreds(java.lang.String,java.lang.String,java.lang.String,java.lang.String)[pri:0, instance:com.demowebshop.tests.RegistartionDP@3de8f619]" started-at="2024-10-12T15:05:14 IST" name="verifyUserIsAbleToMultipleRegisterUsingCorrectCreds" data-provider="getData" finished-at="2024-10-12T15:05:20 IST" duration-ms="6330" status="PASS">
          <params>
            <param index="0">
              <value>
                <![CDATA[Wan]]>
              </value>
            </param>
            <param index="1">
              <value>
                <![CDATA[King]]>
              </value>
            </param>
            <param index="2">
              <value>
                <![CDATA[kit.halvorson@yahoo.com]]>
              </value>
            </param>
            <param index="3">
              <value>
                <![CDATA[jfnfzlcug6rfz7]]>
              </value>
            </param>
          </params>
          <reporter-output>
          </reporter-output>
        </test-method> <!-- verifyUserIsAbleToMultipleRegisterUsingCorrectCreds -->
        <test-method is-config="true" signature="tearDown()[pri:0, instance:com.demowebshop.tests.RegistartionDP@3de8f619]" started-at="2024-10-12T15:05:20 IST" name="tearDown" finished-at="2024-10-12T15:05:20 IST" duration-ms="197" status="PASS">
          <reporter-output>
          </reporter-output>
        </test-method> <!-- tearDown -->
      </class> <!-- com.demowebshop.tests.RegistartionDP -->
      <class name="com.demowebshop.tests.registrationTest">
        <test-method is-config="true" signature="initDriver(java.lang.String)[pri:0, instance:com.demowebshop.tests.registrationTest@2ab4bc72]" started-at="2024-10-12T15:05:20 IST" name="initDriver" finished-at="2024-10-12T15:05:25 IST" duration-ms="4591" status="PASS">
          <params>
            <param index="0">
              <value is-null="true"/>
            </param>
          </params>
          <reporter-output>
          </reporter-output>
        </test-method> <!-- initDriver -->
        <test-method signature="verifyUserAbleToRegisterWithValidCredn()[pri:0, instance:com.demowebshop.tests.registrationTest@2ab4bc72]" started-at="2024-10-12T15:05:25 IST" name="verifyUserAbleToRegisterWithValidCredn" finished-at="2024-10-12T15:05:31 IST" duration-ms="6047" status="PASS">
          <reporter-output>
          </reporter-output>
        </test-method> <!-- verifyUserAbleToRegisterWithValidCredn -->
        <test-method is-config="true" signature="tearDown()[pri:0, instance:com.demowebshop.tests.registrationTest@2ab4bc72]" started-at="2024-10-12T15:05:31 IST" name="tearDown" finished-at="2024-10-12T15:05:31 IST" duration-ms="189" status="PASS">
          <reporter-output>
          </reporter-output>
        </test-method> <!-- tearDown -->
      </class> <!-- com.demowebshop.tests.registrationTest -->
      <class name="com.demowebshop.tests.ExcelReadRegistrationTest">
        <test-method is-config="true" signature="initDriver(java.lang.String)[pri:0, instance:com.demowebshop.tests.ExcelReadRegistrationTest@4e5ed836]" started-at="2024-10-12T15:05:31 IST" name="initDriver" finished-at="2024-10-12T15:05:36 IST" duration-ms="4796" status="PASS">
          <params>
            <param index="0">
              <value is-null="true"/>
            </param>
          </params>
          <reporter-output>
          </reporter-output>
        </test-method> <!-- initDriver -->
        <test-method signature="verifyUserAbleToRegisterWithValidCredn()[pri:0, instance:com.demowebshop.tests.ExcelReadRegistrationTest@4e5ed836]" started-at="2024-10-12T15:05:36 IST" name="verifyUserAbleToRegisterWithValidCredn" finished-at="2024-10-12T15:05:39 IST" duration-ms="3583" status="PASS">
          <reporter-output>
          </reporter-output>
        </test-method> <!-- verifyUserAbleToRegisterWithValidCredn -->
        <test-method is-config="true" signature="tearDown()[pri:0, instance:com.demowebshop.tests.ExcelReadRegistrationTest@4e5ed836]" started-at="2024-10-12T15:05:39 IST" name="tearDown" finished-at="2024-10-12T15:05:40 IST" duration-ms="273" status="PASS">
          <reporter-output>
          </reporter-output>
        </test-method> <!-- tearDown -->
      </class> <!-- com.demowebshop.tests.ExcelReadRegistrationTest -->
      <class name="com.demowebshop.tests.RegistrationDP2">
        <test-method is-config="true" signature="initDriver(java.lang.String)[pri:0, instance:com.demowebshop.tests.RegistrationDP2@710636b0]" started-at="2024-10-12T15:04:25 IST" name="initDriver" finished-at="2024-10-12T15:04:39 IST" duration-ms="14001" status="PASS">
          <params>
            <param index="0">
              <value is-null="true"/>
            </param>
          </params>
          <reporter-output>
          </reporter-output>
        </test-method> <!-- initDriver -->
        <test-method signature="verifyUserAbleToMultipleRegisterWithValidCredn(java.util.ArrayList)[pri:0, instance:com.demowebshop.tests.RegistrationDP2@710636b0]" started-at="2024-10-12T15:04:39 IST" name="verifyUserAbleToMultipleRegisterWithValidCredn" data-provider="getData" finished-at="2024-10-12T15:05:07 IST" duration-ms="27771" status="PASS">
          <params>
            <param index="0">
              <value>
                <![CDATA[[Person [fName=Kendra, lName=Hansen, email=adelina.predovic@yahoo.com, password=zy8myvpx8iwm, confirmPassword=zy8myvpx8iwm], Person [fName=Jaimee, lName=Kihn, email=tequila.purdy@yahoo.com, password=zy8myvpx8iwm, confirmPassword=zy8myvpx8iwm]]]]>
              </value>
            </param>
          </params>
          <reporter-output>
          </reporter-output>
        </test-method> <!-- verifyUserAbleToMultipleRegisterWithValidCredn -->
        <test-method is-config="true" signature="tearDown()[pri:0, instance:com.demowebshop.tests.RegistrationDP2@710636b0]" started-at="2024-10-12T15:05:07 IST" name="tearDown" finished-at="2024-10-12T15:05:11 IST" duration-ms="3531" status="PASS">
          <reporter-output>
          </reporter-output>
        </test-method> <!-- tearDown -->
      </class> <!-- com.demowebshop.tests.RegistrationDP2 -->
    </test> <!-- RegistrationTest -->
  </suite> <!-- Suite -->
</testng-results>
