<?xml version="1.0" encoding="UTF-8"?>
<testsuite xmlns:xsi="http://www.w3.org/2001/XMLSchema-instance" xsi:noNamespaceSchemaLocation="https://maven.apache.org/surefire/maven-surefire-plugin/xsd/surefire-test-report.xsd" version="3.0.2" name="TestSuite" time="51.946" tests="10" errors="0" skipped="0" failures="0">
  <properties>
[...]
</properties>
  <testcase name="verifySearchWithEmptyKeyword" classname="com.demowebshop.tests.EmptySearchCaseTest" time="0.741">
    <system-out><![CDATA[In before method
In before method
In before method
In before method
In before method
]]></system-out>
    <system-err><![CDATA[SLF4J: Failed to load class "org.slf4j.impl.StaticLoggerBinder".
SLF4J: Defaulting to no-operation (NOP) logger implementation
SLF4J: See http://www.slf4j.org/codes.html#StaticLoggerBinder for further details.
Oct 10, 2024 3:00:39 PM org.openqa.selenium.devtools.CdpVersionFinder findNearestMatch
WARNING: Unable to find an exact match for CDP version 129, returning the closest version; found: 127; Please update to a Selenium version that supports CDP version 129
Oct 10, 2024 3:00:39 PM org.openqa.selenium.devtools.CdpVersionFinder findNearestMatch
WARNING: Unable to find an exact match for CDP version 129, returning the closest version; found: 127; Please update to a Selenium version that supports CDP version 129
Oct 10, 2024 3:00:39 PM org.openqa.selenium.devtools.CdpVersionFinder findNearestMatch
WARNING: Unable to find an exact match for CDP version 129, returning the closest version; found: 127; Please update to a Selenium version that supports CDP version 129
Oct 10, 2024 3:00:39 PM org.openqa.selenium.devtools.CdpVersionFinder findNearestMatch
WARNING: Unable to find an exact match for CDP version 129, returning the closest version; found: 127; Please update to a Selenium version that supports CDP version 129
Oct 10, 2024 3:00:40 PM org.openqa.selenium.devtools.CdpVersionFinder findNearestMatch
WARNING: Unable to find an exact match for CDP version 129, returning the closest version; found: 127; Please update to a Selenium version that supports CDP version 129
]]></system-err>
  </testcase>
  <testcase name="verifyApparelAndShoesDisplayItems" classname="com.demowebshop.tests.ApparelAndShoesProductTest" time="1.768">
    <system-out><![CDATA[No of Items displayed8
No of Items to be displayed8
]]></system-out>
  </testcase>
  <testcase name="verifyDiamondTextInSearchResult" classname="com.demowebshop.tests.DiamondSearchTest" time="3.344"/>
  <testcase name="verifyUserAbleToLoginwithValidCredn" classname="com.demowebshop.tests.loginTest" time="4.498">
    <system-out><![CDATA[obsqura24@gmail.com
]]></system-out>
  </testcase>
  <testcase name="userAbleToSubscribeWithValidMail" classname="com.demowebshop.tests.SubScriptionTest" time="4.397">
    <system-out><![CDATA[In before method
In before method
Thank you for signing up! A verification email has been sent. We appreciate your interest.
]]></system-out>
    <system-err><![CDATA[Oct 10, 2024 3:00:52 PM org.openqa.selenium.devtools.CdpVersionFinder findNearestMatch
WARNING: Unable to find an exact match for CDP version 129, returning the closest version; found: 127; Please update to a Selenium version that supports CDP version 129
Oct 10, 2024 3:00:52 PM org.openqa.selenium.devtools.CdpVersionFinder findNearestMatch
WARNING: Unable to find an exact match for CDP version 129, returning the closest version; found: 127; Please update to a Selenium version that supports CDP version 129
]]></system-err>
  </testcase>
  <testcase name="verifyUserAbleToMultipleRegisterWithValidCredn[[Person [fName=Benjamin, lName=Hammes, email=mason.jakubowski@yahoo.com, password=bwpm510r, confirmPassword=bwpm510r], Person [fName=Britteny, lName=Stracke, email=alan.rodriguez@yahoo.com, password=bwpm510r, confirmPassword=bwpm510r]]](1)" classname="com.demowebshop.tests.RegistrationDP2" time="8.334"/>
  <testcase name="verifyUserIsAbleToMultipleRegisterUsingCorrectCreds[Wilfredo, Dooley, leatha.brekke@yahoo.com, 4ehioopfi](1)" classname="com.demowebshop.tests.RegistartionDP" time="4.94">
    <system-out><![CDATA[In before method
]]></system-out>
    <system-err><![CDATA[Oct 10, 2024 3:01:04 PM org.openqa.selenium.devtools.CdpVersionFinder findNearestMatch
WARNING: Unable to find an exact match for CDP version 129, returning the closest version; found: 127; Please update to a Selenium version that supports CDP version 129
]]></system-err>
  </testcase>
  <testcase name="verifyNewUserRegisterAndCheckoutProduct" classname="com.demowebshop.tests.E2EChekoutTest" time="9.157">
    <system-out><![CDATA[In before method
]]></system-out>
    <system-err><![CDATA[Oct 10, 2024 3:01:12 PM org.openqa.selenium.devtools.CdpVersionFinder findNearestMatch
WARNING: Unable to find an exact match for CDP version 129, returning the closest version; found: 127; Please update to a Selenium version that supports CDP version 129
]]></system-err>
  </testcase>
  <testcase name="verifyUserAbleToRegisterWithValidCredn" classname="com.demowebshop.tests.registrationTest" time="2.536"/>
  <testcase name="verifyUserAbleToRegisterWithValidCredn" classname="com.demowebshop.tests.ExcelReadRegistrationTest" time="3.209">
    <system-out><![CDATA[In before method
]]></system-out>
    <system-err><![CDATA[Oct 10, 2024 3:01:19 PM org.openqa.selenium.devtools.CdpVersionFinder findNearestMatch
WARNING: Unable to find an exact match for CDP version 129, returning the closest version; found: 127; Please update to a Selenium version that supports CDP version 129
ERROR StatusLogger Log4j2 could not find a logging implementation. Please add log4j-core to the classpath. Using SimpleLogger to log to the console...
]]></system-err>
  </testcase>
</testsuite>