<?xml version="1.0" encoding="UTF-8"?>
<testng-results ignored="0" total="1" passed="1" failed="0" skipped="0">
  <reporter-output>
  </reporter-output>
  <suite started-at="2024-10-12T15:04:00 IST" name="Default suite" finished-at="2024-10-12T15:04:10 IST" duration-ms="10406">
    <groups>
    </groups>
    <test started-at="2024-10-12T15:04:00 IST" name="Default test" finished-at="2024-10-12T15:04:10 IST" duration-ms="10406">
      <class name="com.demowebshop.tests.loginTest">
        <test-method is-config="true" signature="initDriver(java.lang.String)[pri:0, instance:com.demowebshop.tests.loginTest@f6efaab]" started-at="2024-10-12T15:04:00 IST" name="initDriver" finished-at="2024-10-12T15:04:07 IST" duration-ms="6828" status="PASS">
          <params>
            <param index="0">
              <value is-null="true"/>
            </param>
          </params>
          <reporter-output>
          </reporter-output>
        </test-method> <!-- initDriver -->
        <test-method signature="verifyUserAbleToLoginwithValidCredn()[pri:0, instance:com.demowebshop.tests.loginTest@f6efaab]" started-at="2024-10-12T15:04:07 IST" name="verifyUserAbleToLoginwithValidCredn" finished-at="2024-10-12T15:04:09 IST" duration-ms="2388" status="PASS">
          <reporter-output>
          </reporter-output>
        </test-method> <!-- verifyUserAbleToLoginwithValidCredn -->
        <test-method is-config="true" signature="tearDown()[pri:0, instance:com.demowebshop.tests.loginTest@f6efaab]" started-at="2024-10-12T15:04:09 IST" name="tearDown" finished-at="2024-10-12T15:04:10 IST" duration-ms="1108" status="PASS">
          <reporter-output>
          </reporter-output>
        </test-method> <!-- tearDown -->
      </class> <!-- com.demowebshop.tests.loginTest -->
    </test> <!-- Default test -->
  </suite> <!-- Default suite -->
</testng-results>
