<?xml version="1.0" encoding="UTF-8"?>
<testng-results ignored="0" total="10" passed="10" failed="0" skipped="0">
  <reporter-output>
  </reporter-output>
  <suite started-at="2024-10-09T10:50:45 IST" name="Suite" finished-at="2024-10-09T10:52:15 IST" duration-ms="90431">
    <groups>
      <group name="Smoke">
        <method signature="ApparelAndShoesProductTest.verifyApparelAndShoesDisplayItems()[pri:0, instance:com.demowebshop.tests.ApparelAndShoesProductTest@9d5509a]" name="verifyApparelAndShoesDisplayItems" class="com.demowebshop.tests.ApparelAndShoesProductTest"/>
        <method signature="SubScriptionTest.userAbleToSubscribeWithValidMail()[pri:0, instance:com.demowebshop.tests.SubScriptionTest@4b2bac3f]" name="userAbleToSubscribeWithValidMail" class="com.demowebshop.tests.SubScriptionTest"/>
        <method signature="E2EChekoutTest.verifyNewUserRegisterAndCheckoutProduct()[pri:0, instance:com.demowebshop.tests.E2EChekoutTest@40005471]" name="verifyNewUserRegisterAndCheckoutProduct" class="com.demowebshop.tests.E2EChekoutTest"/>
      </group> <!-- Smoke -->
    </groups>
    <test started-at="2024-10-09T10:50:45 IST" name="SearchTest" finished-at="2024-10-09T10:50:52 IST" duration-ms="7463">
      <class name="com.demowebshop.tests.DiamondSearchTest">
        <test-method is-config="true" signature="initDriver(java.lang.String)[pri:0, instance:com.demowebshop.tests.DiamondSearchTest@35e2d654]" started-at="2024-10-09T10:50:45 IST" name="initDriver" finished-at="2024-10-09T10:50:50 IST" duration-ms="5273" status="PASS">
          <params>
            <param index="0">
              <value is-null="true"/>
            </param>
          </params>
          <reporter-output>
          </reporter-output>
        </test-method> <!-- initDriver -->
        <test-method signature="verifyDiamondTextInSearchResult()[pri:0, instance:com.demowebshop.tests.DiamondSearchTest@35e2d654]" started-at="2024-10-09T10:50:50 IST" name="verifyDiamondTextInSearchResult" finished-at="2024-10-09T10:50:52 IST" duration-ms="1951" status="PASS">
          <reporter-output>
          </reporter-output>
        </test-method> <!-- verifyDiamondTextInSearchResult -->
        <test-method is-config="true" signature="tearDown()[pri:0, instance:com.demowebshop.tests.DiamondSearchTest@35e2d654]" started-at="2024-10-09T10:50:52 IST" name="tearDown" finished-at="2024-10-09T10:50:52 IST" duration-ms="182" status="PASS">
          <reporter-output>
          </reporter-output>
        </test-method> <!-- tearDown -->
      </class> <!-- com.demowebshop.tests.DiamondSearchTest -->
    </test> <!-- SearchTest -->
    <test started-at="2024-10-09T10:50:52 IST" name="RegistrationTest" finished-at="2024-10-09T10:51:33 IST" duration-ms="41031">
      <class name="com.demowebshop.tests.RegistartionDP">
        <test-method is-config="true" signature="initDriver(java.lang.String)[pri:0, instance:com.demowebshop.tests.RegistartionDP@31190526]" started-at="2024-10-09T10:51:08 IST" name="initDriver" finished-at="2024-10-09T10:51:12 IST" duration-ms="4803" status="PASS">
          <params>
            <param index="0">
              <value is-null="true"/>
            </param>
          </params>
          <reporter-output>
          </reporter-output>
        </test-method> <!-- initDriver -->
        <test-method signature="verifyUserIsAbleToMultipleRegisterUsingCorrectCreds(java.lang.String,java.lang.String,java.lang.String,java.lang.String)[pri:0, instance:com.demowebshop.tests.RegistartionDP@31190526]" started-at="2024-10-09T10:51:12 IST" name="verifyUserIsAbleToMultipleRegisterUsingCorrectCreds" data-provider="getData" finished-at="2024-10-09T10:51:16 IST" duration-ms="3520" status="PASS">
          <params>
            <param index="0">
              <value>
                <![CDATA[Nellie]]>
              </value>
            </param>
            <param index="1">
              <value>
                <![CDATA[Zemlak]]>
              </value>
            </param>
            <param index="2">
              <value>
                <![CDATA[tula.osinski@hotmail.com]]>
              </value>
            </param>
            <param index="3">
              <value>
                <![CDATA[lpbgjganj]]>
              </value>
            </param>
          </params>
          <reporter-output>
          </reporter-output>
        </test-method> <!-- verifyUserIsAbleToMultipleRegisterUsingCorrectCreds -->
        <test-method is-config="true" signature="tearDown()[pri:0, instance:com.demowebshop.tests.RegistartionDP@31190526]" started-at="2024-10-09T10:51:16 IST" name="tearDown" finished-at="2024-10-09T10:51:16 IST" duration-ms="187" status="PASS">
          <reporter-output>
          </reporter-output>
        </test-method> <!-- tearDown -->
      </class> <!-- com.demowebshop.tests.RegistartionDP -->
      <class name="com.demowebshop.tests.registrationTest">
        <test-method is-config="true" signature="initDriver(java.lang.String)[pri:0, instance:com.demowebshop.tests.registrationTest@662ac478]" started-at="2024-10-09T10:51:16 IST" name="initDriver" finished-at="2024-10-09T10:51:21 IST" duration-ms="4620" status="PASS">
          <params>
            <param index="0">
              <value is-null="true"/>
            </param>
          </params>
          <reporter-output>
          </reporter-output>
        </test-method> <!-- initDriver -->
        <test-method signature="verifyUserAbleToRegisterWithValidCredn()[pri:0, instance:com.demowebshop.tests.registrationTest@662ac478]" started-at="2024-10-09T10:51:21 IST" name="verifyUserAbleToRegisterWithValidCredn" finished-at="2024-10-09T10:51:25 IST" duration-ms="3965" status="PASS">
          <reporter-output>
          </reporter-output>
        </test-method> <!-- verifyUserAbleToRegisterWithValidCredn -->
        <test-method is-config="true" signature="tearDown()[pri:0, instance:com.demowebshop.tests.registrationTest@662ac478]" started-at="2024-10-09T10:51:25 IST" name="tearDown" finished-at="2024-10-09T10:51:25 IST" duration-ms="183" status="PASS">
          <reporter-output>
          </reporter-output>
        </test-method> <!-- tearDown -->
      </class> <!-- com.demowebshop.tests.registrationTest -->
      <class name="com.demowebshop.tests.ExcelReadRegistrationTest">
        <test-method is-config="true" signature="initDriver(java.lang.String)[pri:0, instance:com.demowebshop.tests.ExcelReadRegistrationTest@6743e411]" started-at="2024-10-09T10:51:25 IST" name="initDriver" finished-at="2024-10-09T10:51:29 IST" duration-ms="4443" status="PASS">
          <params>
            <param index="0">
              <value is-null="true"/>
            </param>
          </params>
          <reporter-output>
          </reporter-output>
        </test-method> <!-- initDriver -->
        <test-method signature="verifyUserAbleToRegisterWithValidCredn()[pri:0, instance:com.demowebshop.tests.ExcelReadRegistrationTest@6743e411]" started-at="2024-10-09T10:51:29 IST" name="verifyUserAbleToRegisterWithValidCredn" finished-at="2024-10-09T10:51:33 IST" duration-ms="3550" status="PASS">
          <reporter-output>
          </reporter-output>
        </test-method> <!-- verifyUserAbleToRegisterWithValidCredn -->
        <test-method is-config="true" signature="tearDown()[pri:0, instance:com.demowebshop.tests.ExcelReadRegistrationTest@6743e411]" started-at="2024-10-09T10:51:33 IST" name="tearDown" finished-at="2024-10-09T10:51:33 IST" duration-ms="189" status="PASS">
          <reporter-output>
          </reporter-output>
        </test-method> <!-- tearDown -->
      </class> <!-- com.demowebshop.tests.ExcelReadRegistrationTest -->
      <class name="com.demowebshop.tests.RegistrationDP2">
        <test-method is-config="true" signature="initDriver(java.lang.String)[pri:0, instance:com.demowebshop.tests.RegistrationDP2@229f66ed]" started-at="2024-10-09T10:50:53 IST" name="initDriver" finished-at="2024-10-09T10:50:57 IST" duration-ms="4981" status="PASS">
          <params>
            <param index="0">
              <value is-null="true"/>
            </param>
          </params>
          <reporter-output>
          </reporter-output>
        </test-method> <!-- initDriver -->
        <test-method signature="verifyUserAbleToMultipleRegisterWithValidCredn(java.util.ArrayList)[pri:0, instance:com.demowebshop.tests.RegistrationDP2@229f66ed]" started-at="2024-10-09T10:50:57 IST" name="verifyUserAbleToMultipleRegisterWithValidCredn" data-provider="getData" finished-at="2024-10-09T10:51:07 IST" duration-ms="9793" status="PASS">
          <params>
            <param index="0">
              <value>
                <![CDATA[[Person [fName=Phillip, lName=Crona, email=lenna.buckridge@hotmail.com, password=nwteerf29n, confirmPassword=nwteerf29n], Person [fName=Carl, lName=Bahringer, email=rocco.koch@gmail.com, password=nwteerf29n, confirmPassword=nwteerf29n]]]]>
              </value>
            </param>
          </params>
          <reporter-output>
          </reporter-output>
        </test-method> <!-- verifyUserAbleToMultipleRegisterWithValidCredn -->
        <test-method is-config="true" signature="tearDown()[pri:0, instance:com.demowebshop.tests.RegistrationDP2@229f66ed]" started-at="2024-10-09T10:51:07 IST" name="tearDown" finished-at="2024-10-09T10:51:08 IST" duration-ms="236" status="PASS">
          <reporter-output>
          </reporter-output>
        </test-method> <!-- tearDown -->
      </class> <!-- com.demowebshop.tests.RegistrationDP2 -->
    </test> <!-- RegistrationTest -->
    <test started-at="2024-10-09T10:51:33 IST" name="ProductListTest" finished-at="2024-10-09T10:51:40 IST" duration-ms="6506">
      <class name="com.demowebshop.tests.ApparelAndShoesProductTest">
        <test-method is-config="true" signature="initDriver(java.lang.String)[pri:0, instance:com.demowebshop.tests.ApparelAndShoesProductTest@9d5509a]" started-at="2024-10-09T10:51:33 IST" name="initDriver" finished-at="2024-10-09T10:51:38 IST" duration-ms="4826" status="PASS">
          <params>
            <param index="0">
              <value is-null="true"/>
            </param>
          </params>
          <reporter-output>
          </reporter-output>
        </test-method> <!-- initDriver -->
        <test-method signature="verifyApparelAndShoesDisplayItems()[pri:0, instance:com.demowebshop.tests.ApparelAndShoesProductTest@9d5509a]" started-at="2024-10-09T10:51:38 IST" name="verifyApparelAndShoesDisplayItems" finished-at="2024-10-09T10:51:39 IST" duration-ms="1447" status="PASS">
          <reporter-output>
          </reporter-output>
        </test-method> <!-- verifyApparelAndShoesDisplayItems -->
        <test-method is-config="true" signature="tearDown()[pri:0, instance:com.demowebshop.tests.ApparelAndShoesProductTest@9d5509a]" started-at="2024-10-09T10:51:39 IST" name="tearDown" finished-at="2024-10-09T10:51:40 IST" duration-ms="224" status="PASS">
          <reporter-output>
          </reporter-output>
        </test-method> <!-- tearDown -->
      </class> <!-- com.demowebshop.tests.ApparelAndShoesProductTest -->
    </test> <!-- ProductListTest -->
    <test started-at="2024-10-09T10:51:40 IST" name="LoginTest" finished-at="2024-10-09T10:51:46 IST" duration-ms="6142">
      <class name="com.demowebshop.tests.loginTest">
        <test-method is-config="true" signature="initDriver(java.lang.String)[pri:0, instance:com.demowebshop.tests.loginTest@4116aac9]" started-at="2024-10-09T10:51:40 IST" name="initDriver" finished-at="2024-10-09T10:51:42 IST" duration-ms="2389" status="PASS">
          <params>
            <param index="0">
              <value is-null="true"/>
            </param>
          </params>
          <reporter-output>
          </reporter-output>
        </test-method> <!-- initDriver -->
        <test-method signature="verifyUserAbleToLoginwithValidCredn()[pri:0, instance:com.demowebshop.tests.loginTest@4116aac9]" started-at="2024-10-09T10:51:42 IST" name="verifyUserAbleToLoginwithValidCredn" finished-at="2024-10-09T10:51:46 IST" duration-ms="3533" status="PASS">
          <reporter-output>
          </reporter-output>
        </test-method> <!-- verifyUserAbleToLoginwithValidCredn -->
        <test-method is-config="true" signature="tearDown()[pri:0, instance:com.demowebshop.tests.loginTest@4116aac9]" started-at="2024-10-09T10:51:46 IST" name="tearDown" finished-at="2024-10-09T10:51:46 IST" duration-ms="214" status="PASS">
          <reporter-output>
          </reporter-output>
        </test-method> <!-- tearDown -->
      </class> <!-- com.demowebshop.tests.loginTest -->
    </test> <!-- LoginTest -->
    <test started-at="2024-10-09T10:51:46 IST" name="SearchBoxTest" finished-at="2024-10-09T10:51:50 IST" duration-ms="4167">
      <class name="com.demowebshop.tests.EmptySearchCaseTest">
        <test-method is-config="true" signature="initDriver(java.lang.String)[pri:0, instance:com.demowebshop.tests.EmptySearchCaseTest@198b6731]" started-at="2024-10-09T10:51:46 IST" name="initDriver" finished-at="2024-10-09T10:51:50 IST" duration-ms="3875" status="PASS">
          <params>
            <param index="0">
              <value is-null="true"/>
            </param>
          </params>
          <reporter-output>
          </reporter-output>
        </test-method> <!-- initDriver -->
        <test-method signature="verifySearchWithEmptyKeyword()[pri:0, instance:com.demowebshop.tests.EmptySearchCaseTest@198b6731]" started-at="2024-10-09T10:51:50 IST" name="verifySearchWithEmptyKeyword" finished-at="2024-10-09T10:51:50 IST" duration-ms="123" status="PASS">
          <reporter-output>
          </reporter-output>
        </test-method> <!-- verifySearchWithEmptyKeyword -->
        <test-method is-config="true" signature="tearDown()[pri:0, instance:com.demowebshop.tests.EmptySearchCaseTest@198b6731]" started-at="2024-10-09T10:51:50 IST" name="tearDown" finished-at="2024-10-09T10:51:50 IST" duration-ms="165" status="PASS">
          <reporter-output>
          </reporter-output>
        </test-method> <!-- tearDown -->
      </class> <!-- com.demowebshop.tests.EmptySearchCaseTest -->
    </test> <!-- SearchBoxTest -->
    <test started-at="2024-10-09T10:51:50 IST" name="SubscriptionTest" finished-at="2024-10-09T10:51:55 IST" duration-ms="4866">
      <class name="com.demowebshop.tests.SubScriptionTest">
        <test-method is-config="true" signature="initDriver(java.lang.String)[pri:0, instance:com.demowebshop.tests.SubScriptionTest@4b2bac3f]" started-at="2024-10-09T10:51:50 IST" name="initDriver" finished-at="2024-10-09T10:51:54 IST" duration-ms="3770" status="PASS">
          <params>
            <param index="0">
              <value is-null="true"/>
            </param>
          </params>
          <reporter-output>
          </reporter-output>
        </test-method> <!-- initDriver -->
        <test-method signature="userAbleToSubscribeWithValidMail()[pri:0, instance:com.demowebshop.tests.SubScriptionTest@4b2bac3f]" started-at="2024-10-09T10:51:54 IST" name="userAbleToSubscribeWithValidMail" finished-at="2024-10-09T10:51:55 IST" duration-ms="899" status="PASS">
          <reporter-output>
          </reporter-output>
        </test-method> <!-- userAbleToSubscribeWithValidMail -->
        <test-method is-config="true" signature="tearDown()[pri:0, instance:com.demowebshop.tests.SubScriptionTest@4b2bac3f]" started-at="2024-10-09T10:51:55 IST" name="tearDown" finished-at="2024-10-09T10:51:55 IST" duration-ms="193" status="PASS">
          <reporter-output>
          </reporter-output>
        </test-method> <!-- tearDown -->
      </class> <!-- com.demowebshop.tests.SubScriptionTest -->
    </test> <!-- SubscriptionTest -->
    <test started-at="2024-10-09T10:51:55 IST" name="E2E" finished-at="2024-10-09T10:52:15 IST" duration-ms="20142">
      <class name="com.demowebshop.tests.E2EChekoutTest">
        <test-method is-config="true" signature="initDriver(java.lang.String)[pri:0, instance:com.demowebshop.tests.E2EChekoutTest@40005471]" started-at="2024-10-09T10:51:55 IST" name="initDriver" finished-at="2024-10-09T10:51:59 IST" duration-ms="3826" status="PASS">
          <params>
            <param index="0">
              <value is-null="true"/>
            </param>
          </params>
          <reporter-output>
          </reporter-output>
        </test-method> <!-- initDriver -->
        <test-method signature="verifyNewUserRegisterAndCheckoutProduct()[pri:0, instance:com.demowebshop.tests.E2EChekoutTest@40005471]" started-at="2024-10-09T10:51:59 IST" name="verifyNewUserRegisterAndCheckoutProduct" finished-at="2024-10-09T10:52:14 IST" duration-ms="15631" status="PASS">
          <reporter-output>
          </reporter-output>
        </test-method> <!-- verifyNewUserRegisterAndCheckoutProduct -->
        <test-method is-config="true" signature="tearDown()[pri:0, instance:com.demowebshop.tests.E2EChekoutTest@40005471]" started-at="2024-10-09T10:52:14 IST" name="tearDown" finished-at="2024-10-09T10:52:15 IST" duration-ms="682" status="PASS">
          <reporter-output>
          </reporter-output>
        </test-method> <!-- tearDown -->
      </class> <!-- com.demowebshop.tests.E2EChekoutTest -->
    </test> <!-- E2E -->
  </suite> <!-- Suite -->
</testng-results>
